<?xml version="1.0" encoding="UTF-8"?>
<testsuite name="Book flight" tests="1" skipped="0" failures="0" errors="0" timestamp="2021-03-29T21:56:50" hostname="CPX-M7F253C2HWP" time="36.634">
  <properties/>
  <testcase name="Book a flight in Despegar from Medellin to Santa Marta" classname="Book flight" time="36.634"/>
  <system-out><![CDATA[>>>>>>>>>>>>>>>>>>>>>>>>>>>30
]]></system-out>
  <system-err><![CDATA[mar 29, 2021 4:56:51 PM org.openqa.selenium.remote.DesiredCapabilities chrome
INFO: Using `new ChromeOptions()` is preferred to `DesiredCapabilities.chrome()`
[Test worker] INFO net.serenitybdd.core.webdriver.driverproviders.ProvideNewDriver - Instantiating driver
[Test worker] INFO net.serenitybdd.core.webdriver.driverproviders.ProvideNewDriver - Driver capabilities: Capabilities {acceptInsecureCerts: false, browserName: chrome, chrome.switches: --lang=es,--disable-popup-b..., goog:chromeOptions: {args: [--lang=es, --disable-popup-blocking, --disable-download-notifica..., --start-maximized], extensions: []}, loggingPrefs: org.openqa.selenium.logging..., platform: ANY, version: }
Starting ChromeDriver 89.0.4389.23 (61b08ee2c50024bab004e48d2b1b083cdbdac579-refs/branch-heads/4389@{#294}) on port 24741
Only local connections are allowed.
Please see https://chromedriver.chromium.org/security-considerations for suggestions on keeping ChromeDriver safe.
ChromeDriver was started successfully.
mar 29, 2021 4:56:54 PM org.openqa.selenium.remote.ProtocolHandshake createSession
INFO: Detected dialect: W3C
[Test worker] INFO net.thucydides.core.steps.ConsoleLoggingListener - 
        __    _____ _____ ____ _____   ____   _    ____  ____  _____ ____  
  _     \ \  |_   _| ____/ ___|_   _| |  _ \ / \  / ___|/ ___|| ____|  _ \ 
 (_)_____| |   | | |  _| \___ \ | |   | |_) / _ \ \___ \\___ \|  _| | | | |
  _|_____| |   | | | |___ ___) || |   |  __/ ___ \ ___) |___) | |___| |_| |
 (_)     | |   |_| |_____|____/ |_|   |_| /_/   \_\____/|____/|_____|____/ 
        /_/                                                                

TEST PASSED: Book a flight in Despegar from Medellin to Santa Marta
----------------------------------------------------------------------------
]]></system-err>
</testsuite>
